# JRE version: OpenJDK Runtime Environment (8.0_112-b06) (build 1.8.0_112-release-b06)
# Java VM: OpenJDK 64-Bit Server VM (25.112-b06 mixed mode linux-amd64 compressed oops)
Heap:
 PSYoungGen      total 282624K, used 0K [0x00000000e0000000, 0x00000000f5f80000, 0x0000000100000000)
  eden space 241152K, 0% used [0x00000000e0000000,0x00000000e0000000,0x00000000eeb80000)
  from space 41472K, 0% used [0x00000000eeb80000,0x00000000eeb80000,0x00000000f1400000)
  to   space 40448K, 0% used [0x00000000f3800000,0x00000000f3800000,0x00000000f5f80000)
 ParOldGen       total 87040K, used 57420K [0x00000000a0000000, 0x00000000a5500000, 0x00000000e0000000)
  object space 87040K, 65% used [0x00000000a0000000,0x00000000a38130d8,0x00000000a5500000)
 Metaspace       used 72221K, capacity 75264K, committed 75696K, reserved 1114112K
  class space    used 9388K, capacity 9981K, committed 10160K, reserved 1048576K
GC Heap History (10 events):
Event: 659.860 GC heap after
Heap after GC invocations=16 (full 3):
 PSYoungGen      total 186368K, used 13861K [0x00000000e0000000, 0x00000000f0100000, 0x0000000100000000)
  eden space 160768K, 0% used [0x00000000e0000000,0x00000000e0000000,0x00000000e9d00000)
  from space 25600K, 54% used [0x00000000e9d00000,0x00000000eaa895c8,0x00000000eb600000)
  to   space 25600K, 0% used [0x00000000ee800000,0x00000000ee800000,0x00000000f0100000)
 ParOldGen       total 85504K, used 35576K [0x00000000a0000000, 0x00000000a5380000, 0x00000000e0000000)
  object space 85504K, 41% used [0x00000000a0000000,0x00000000a22be3a0,0x00000000a5380000)
 Metaspace       used 62232K, capacity 63928K, committed 64176K, reserved 1105920K
  class space    used 8183K, capacity 8534K, committed 8624K, reserved 1048576K
}
Event: 2561.150 GC heap before
{Heap before GC invocations=17 (full 3):
 PSYoungGen      total 186368K, used 174629K [0x00000000e0000000, 0x00000000f0100000, 0x0000000100000000)
  eden space 160768K, 100% used [0x00000000e0000000,0x00000000e9d00000,0x00000000e9d00000)
  from space 25600K, 54% used [0x00000000e9d00000,0x00000000eaa895c8,0x00000000eb600000)
  to   space 25600K, 0% used [0x00000000ee800000,0x00000000ee800000,0x00000000f0100000)
 ParOldGen       total 85504K, used 35576K [0x00000000a0000000, 0x00000000a5380000, 0x00000000e0000000)
  object space 85504K, 41% used [0x00000000a0000000,0x00000000a22be3a0,0x00000000a5380000)
 Metaspace       used 63602K, capacity 65464K, committed 65584K, reserved 1105920K
  class space    used 8309K, capacity 8644K, committed 8752K, reserved 1048576K
Event: 2561.217 GC heap after
Heap after GC invocations=17 (full 3):
 PSYoungGen      total 222208K, used 13741K [0x00000000e0000000, 0x00000000ef900000, 0x0000000100000000)
  eden space 204800K, 0% used [0x00000000e0000000,0x00000000e0000000,0x00000000ec800000)
  from space 17408K, 78% used [0x00000000ee800000,0x00000000ef56b448,0x00000000ef900000)
  to   space 25088K, 0% used [0x00000000ec800000,0x00000000ec800000,0x00000000ee080000)
 ParOldGen       total 85504K, used 35584K [0x00000000a0000000, 0x00000000a5380000, 0x00000000e0000000)
  object space 85504K, 41% used [0x00000000a0000000,0x00000000a22c03a0,0x00000000a5380000)
 Metaspace       used 63602K, capacity 65464K, committed 65584K, reserved 1105920K
  class space    used 8309K, capacity 8644K, committed 8752K, reserved 1048576K
}
Event: 2625.088 GC heap before
{Heap before GC invocations=18 (full 3):
 PSYoungGen      total 222208K, used 218541K [0x00000000e0000000, 0x00000000ef900000, 0x0000000100000000)
  eden space 204800K, 100% used [0x00000000e0000000,0x00000000ec800000,0x00000000ec800000)
  from space 17408K, 78% used [0x00000000ee800000,0x00000000ef56b448,0x00000000ef900000)
  to   space 25088K, 0% used [0x00000000ec800000,0x00000000ec800000,0x00000000ee080000)
 ParOldGen       total 85504K, used 35584K [0x00000000a0000000, 0x00000000a5380000, 0x00000000e0000000)
  object space 85504K, 41% used [0x00000000a0000000,0x00000000a22c03a0,0x00000000a5380000)
 Metaspace       used 70317K, capacity 73076K, committed 73136K, reserved 1112064K
  class space    used 9305K, capacity 9885K, committed 9904K, reserved 1048576K
Event: 2625.140 GC heap after
Heap after GC invocations=18 (full 3):
 PSYoungGen      total 229888K, used 25082K [0x00000000e0000000, 0x00000000f3100000, 0x0000000100000000)
  eden space 204800K, 0% used [0x00000000e0000000,0x00000000e0000000,0x00000000ec800000)
  from space 25088K, 99% used [0x00000000ec800000,0x00000000ee07eac8,0x00000000ee080000)
  to   space 29696K, 0% used [0x00000000f1400000,0x00000000f1400000,0x00000000f3100000)
 ParOldGen       total 85504K, used 38288K [0x00000000a0000000, 0x00000000a5380000, 0x00000000e0000000)
  object space 85504K, 44% used [0x00000000a0000000,0x00000000a25642e0,0x00000000a5380000)
 Metaspace       used 70317K, capacity 73076K, committed 73136K, reserved 1112064K
  class space    used 9305K, capacity 9885K, committed 9904K, reserved 1048576K
}
Event: 2641.824 GC heap before
{Heap before GC invocations=19 (full 3):
 PSYoungGen      total 229888K, used 229882K [0x00000000e0000000, 0x00000000f3100000, 0x0000000100000000)
  eden space 204800K, 100% used [0x00000000e0000000,0x00000000ec800000,0x00000000ec800000)
  from space 25088K, 99% used [0x00000000ec800000,0x00000000ee07eac8,0x00000000ee080000)
  to   space 29696K, 0% used [0x00000000f1400000,0x00000000f1400000,0x00000000f3100000)
 ParOldGen       total 85504K, used 38288K [0x00000000a0000000, 0x00000000a5380000, 0x00000000e0000000)
  object space 85504K, 44% used [0x00000000a0000000,0x00000000a25642e0,0x00000000a5380000)
 Metaspace       used 71330K, capacity 74124K, committed 74288K, reserved 1114112K
  class space    used 9383K, capacity 9977K, committed 10032K, reserved 1048576K
Event: 2641.913 GC heap after
Heap after GC invocations=19 (full 3):
 PSYoungGen      total 270848K, used 29668K [0x00000000e0000000, 0x00000000f4700000, 0x0000000100000000)
  eden space 241152K, 0% used [0x00000000e0000000,0x00000000e0000000,0x00000000eeb80000)
  from space 29696K, 99% used [0x00000000f1400000,0x00000000f30f90f0,0x00000000f3100000)
  to   space 41472K, 0% used [0x00000000eeb80000,0x00000000eeb80000,0x00000000f1400000)
 ParOldGen       total 85504K, used 58537K [0x00000000a0000000, 0x00000000a5380000, 0x00000000e0000000)
  object space 85504K, 68% used [0x00000000a0000000,0x00000000a392a580,0x00000000a5380000)
 Metaspace       used 71330K, capacity 74124K, committed 74288K, reserved 1114112K
  class space    used 9383K, capacity 9977K, committed 10032K, reserved 1048576K
}
Event: 2815.511 GC heap before
{Heap before GC invocations=20 (full 3):
 PSYoungGen      total 270848K, used 270820K [0x00000000e0000000, 0x00000000f4700000, 0x0000000100000000)
  eden space 241152K, 100% used [0x00000000e0000000,0x00000000eeb80000,0x00000000eeb80000)
  from space 29696K, 99% used [0x00000000f1400000,0x00000000f30f90f0,0x00000000f3100000)
  to   space 41472K, 0% used [0x00000000eeb80000,0x00000000eeb80000,0x00000000f1400000)
 ParOldGen       total 85504K, used 58537K [0x00000000a0000000, 0x00000000a5380000, 0x00000000e0000000)
  object space 85504K, 68% used [0x00000000a0000000,0x00000000a392a580,0x00000000a5380000)
 Metaspace       used 72401K, capacity 75542K, committed 75696K, reserved 1114112K
  class space    used 9420K, capacity 10036K, committed 10160K, reserved 1048576K
Event: 2816.844 GC heap after
Heap after GC invocations=20 (full 3):
 PSYoungGen      total 282624K, used 10064K [0x00000000e0000000, 0x00000000f5f80000, 0x0000000100000000)
  eden space 241152K, 0% used [0x00000000e0000000,0x00000000e0000000,0x00000000eeb80000)
  from space 41472K, 24% used [0x00000000eeb80000,0x00000000ef554040,0x00000000f1400000)
  to   space 40448K, 0% used [0x00000000f3800000,0x00000000f3800000,0x00000000f5f80000)
 ParOldGen       total 87040K, used 85521K [0x00000000a0000000, 0x00000000a5500000, 0x00000000e0000000)
  object space 87040K, 98% used [0x00000000a0000000,0x00000000a53844c8,0x00000000a5500000)
 Metaspace       used 72401K, capacity 75542K, committed 75696K, reserved 1114112K
  class space    used 9420K, capacity 10036K, committed 10160K, reserved 1048576K
}
Event: 2817.698 GC heap before
{Heap before GC invocations=21 (full 4):
 PSYoungGen      total 282624K, used 10064K [0x00000000e0000000, 0x00000000f5f80000, 0x0000000100000000)
  eden space 241152K, 0% used [0x00000000e0000000,0x00000000e0000000,0x00000000eeb80000)
  from space 41472K, 24% used [0x00000000eeb80000,0x00000000ef554040,0x00000000f1400000)
  to   space 40448K, 0% used [0x00000000f3800000,0x00000000f3800000,0x00000000f5f80000)
 ParOldGen       total 87040K, used 85521K [0x00000000a0000000, 0x00000000a5500000, 0x00000000e0000000)
  object space 87040K, 98% used [0x00000000a0000000,0x00000000a53844c8,0x00000000a5500000)
 Metaspace       used 72401K, capacity 75542K, committed 75696K, reserved 1114112K
  class space    used 9420K, capacity 10036K, committed 10160K, reserved 1048576K

